2018-01-25 20:18:46 测试观看进度+1
2018-01-25 20:18:48 测试观看进度-1
2018-01-27 18:36:54 ﻿Android Studio 视频教程  观看进度-1
2018-01-27 18:36:54 ﻿Android Studio 视频教程  观看进度-1
2018-01-27 18:36:54 ﻿Android Studio 视频教程  观看进度-1
2018-01-27 18:36:54 ﻿Android Studio 视频教程  观看进度-1
2018-01-27 18:36:54 ﻿Android Studio 视频教程  观看进度-1
2018-01-27 18:36:54 ﻿Android Studio 视频教程  观看进度-1
2018-01-27 18:36:55 ﻿Android Studio 视频教程  观看进度-1
2018-01-27 18:36:55 ﻿Android Studio 视频教程  观看进度-1
2018-01-27 18:36:55 ﻿Android Studio 视频教程  观看进度-1
2018-01-27 18:36:55 ﻿Android Studio 视频教程  观看进度-1
2018-01-27 18:36:56 ﻿Android Studio 视频教程  观看进度-1
2018-01-27 18:36:56 ﻿Android Studio 视频教程  观看进度-1
2018-01-27 18:36:56 ﻿Android Studio 视频教程  观看进度-1
2018-01-27 18:36:56 ﻿Android Studio 视频教程  观看进度-1
2018-01-27 18:36:56 ﻿Android Studio 视频教程  观看进度-1
2018-01-27 18:36:56 ﻿Android Studio 视频教程  观看进度-1
2018-01-27 18:36:57 ﻿Android Studio 视频教程  观看进度-1
2018-01-27 18:36:57 ﻿Android Studio 视频教程  观看进度-1
2018-01-27 18:36:57 ﻿Android Studio 视频教程  观看进度-1
2018-01-27 18:36:57 ﻿Android Studio 视频教程  观看进度-1
2018-01-27 18:36:57 ﻿Android Studio 视频教程  观看进度-1
2018-01-27 18:36:57 ﻿Android Studio 视频教程  观看进度-1
2018-01-27 18:36:58 ﻿Android Studio 视频教程  观看进度-1
2018-01-27 18:36:58 ﻿Android Studio 视频教程  观看进度-1
2018-01-27 18:36:58 ﻿Android Studio 视频教程  观看进度-1
2018-01-27 18:36:58 ﻿Android Studio 视频教程  观看进度-1
2018-01-27 20:29:19 python基础教程 观看进度+1
2018-01-27 20:29:46 python基础教程 观看进度+1
2018-01-27 20:33:20 Love Shuffle 观看进度+1
2018-01-27 20:34:31 Love Shuffle 观看进度+1
2018-01-27 20:49:30 Love Shuffle 观看进度+1
2018-01-27 20:49:40 Love Shuffle 观看进度-1
2018-01-27 20:49:46 Love Shuffle 观看进度+1
2018-01-27 20:49:47 Love Shuffle 观看进度-1
2018-01-27 20:49:47 Love Shuffle 观看进度+1
